{"/Volumes/PortableSSD/codebase/Trash/investment-plateform/apps/server/src/app.module.ts": {"path":"/Volumes/PortableSSD/codebase/Trash/investment-plateform/apps/server/src/app.module.ts","statementMap":{"0":{"start":{"line":1,"column":0},"end":{"line":1,"column":40}},"1":{"start":{"line":2,"column":0},"end":{"line":2,"column":46}},"2":{"start":{"line":3,"column":0},"end":{"line":3,"column":50}},"3":{"start":{"line":4,"column":0},"end":{"line":4,"column":51}},"4":{"start":{"line":5,"column":0},"end":{"line":5,"column":48}},"5":{"start":{"line":6,"column":0},"end":{"line":6,"column":63}},"6":{"start":{"line":24,"column":7},"end":{"line":24,"column":null}},"7":{"start":{"line":24,"column":13},"end":{"line":24,"column":22}},"8":{"start":{"line":24,"column":13},"end":{"line":24,"column":null}}},"fnMap":{},"branchMap":{},"s":{"0":0,"1":0,"2":0,"3":0,"4":0,"5":0,"6":0,"7":0,"8":0},"f":{},"b":{}}
,"/Volumes/PortableSSD/codebase/Trash/investment-plateform/apps/server/src/constants.ts": {"path":"/Volumes/PortableSSD/codebase/Trash/investment-plateform/apps/server/src/constants.ts","statementMap":{"0":{"start":{"line":1,"column":31},"end":{"line":10,"column":2}},"1":{"start":{"line":5,"column":7},"end":{"line":10,"column":2}},"2":{"start":{"line":1,"column":13},"end":{"line":1,"column":31}},"3":{"start":{"line":12,"column":29},"end":{"line":19,"column":2}},"4":{"start":{"line":15,"column":7},"end":{"line":19,"column":2}},"5":{"start":{"line":12,"column":13},"end":{"line":12,"column":29}},"6":{"start":{"line":21,"column":13},"end":{"line":25,"column":2}},"7":{"start":{"line":27,"column":13},"end":{"line":29,"column":2}},"8":{"start":{"line":31,"column":13},"end":{"line":34,"column":2}}},"fnMap":{"0":{"name":"(anonymous_0)","decl":{"start":{"line":1,"column":31},"end":{"line":1,"column":32}},"loc":{"start":{"line":5,"column":7},"end":{"line":10,"column":2}}},"1":{"name":"(anonymous_1)","decl":{"start":{"line":12,"column":29},"end":{"line":12,"column":30}},"loc":{"start":{"line":15,"column":7},"end":{"line":19,"column":2}}}},"branchMap":{"0":{"loc":{"start":{"line":2,"column":2},"end":{"line":2,"column":39}},"type":"default-arg","locations":[{"start":{"line":2,"column":12},"end":{"line":2,"column":39}}]},"1":{"loc":{"start":{"line":3,"column":2},"end":{"line":3,"column":13}},"type":"default-arg","locations":[{"start":{"line":3,"column":11},"end":{"line":3,"column":13}}]},"2":{"loc":{"start":{"line":4,"column":2},"end":{"line":4,"column":14}},"type":"default-arg","locations":[{"start":{"line":4,"column":11},"end":{"line":4,"column":14}}]},"3":{"loc":{"start":{"line":13,"column":2},"end":{"line":13,"column":31}},"type":"default-arg","locations":[{"start":{"line":13,"column":12},"end":{"line":13,"column":31}}]},"4":{"loc":{"start":{"line":14,"column":2},"end":{"line":14,"column":14}},"type":"default-arg","locations":[{"start":{"line":14,"column":11},"end":{"line":14,"column":14}}]}},"s":{"0":0,"1":0,"2":0,"3":0,"4":0,"5":0,"6":0,"7":0,"8":0},"f":{"0":0,"1":0},"b":{"0":[0],"1":[0],"2":[0],"3":[0],"4":[0]}}
,"/Volumes/PortableSSD/codebase/Trash/investment-plateform/apps/server/src/main.ts": {"path":"/Volumes/PortableSSD/codebase/Trash/investment-plateform/apps/server/src/main.ts","statementMap":{"0":{"start":{"line":1,"column":0},"end":{"line":1,"column":43}},"1":{"start":{"line":2,"column":0},"end":{"line":2,"column":41}},"2":{"start":{"line":3,"column":0},"end":{"line":3,"column":64}},"3":{"start":{"line":4,"column":0},"end":{"line":4,"column":92}},"4":{"start":{"line":5,"column":0},"end":{"line":5,"column":32}},"5":{"start":{"line":6,"column":0},"end":{"line":6,"column":84}},"6":{"start":{"line":7,"column":0},"end":{"line":7,"column":48}},"7":{"start":{"line":8,"column":0},"end":{"line":8,"column":45}},"8":{"start":{"line":11,"column":14},"end":{"line":11,"column":49}},"9":{"start":{"line":14,"column":2},"end":{"line":19,"column":5}},"10":{"start":{"line":22,"column":2},"end":{"line":22,"column":74}},"11":{"start":{"line":25,"column":2},"end":{"line":31,"column":4}},"12":{"start":{"line":34,"column":2},"end":{"line":37,"column":5}},"13":{"start":{"line":40,"column":2},"end":{"line":40,"column":56}},"14":{"start":{"line":43,"column":2},"end":{"line":43,"column":29}},"15":{"start":{"line":46,"column":2},"end":{"line":46,"column":30}},"16":{"start":{"line":49,"column":2},"end":{"line":49,"column":50}},"17":{"start":{"line":52,"column":2},"end":{"line":52,"column":43}},"18":{"start":{"line":55,"column":2},"end":{"line":55,"column":49}},"19":{"start":{"line":58,"column":0},"end":{"line":58,"column":12}}},"fnMap":{"0":{"name":"bootstrap","decl":{"start":{"line":10,"column":15},"end":{"line":10,"column":24}},"loc":{"start":{"line":10,"column":24},"end":{"line":56,"column":1}}}},"branchMap":{"0":{"loc":{"start":{"line":55,"column":19},"end":{"line":55,"column":47}},"type":"binary-expr","locations":[{"start":{"line":55,"column":19},"end":{"line":55,"column":39}},{"start":{"line":55,"column":43},"end":{"line":55,"column":47}}]}},"s":{"0":0,"1":0,"2":0,"3":0,"4":0,"5":0,"6":0,"7":0,"8":0,"9":0,"10":0,"11":0,"12":0,"13":0,"14":0,"15":0,"16":0,"17":0,"18":0,"19":0},"f":{"0":0},"b":{"0":[0,0]}}
,"/Volumes/PortableSSD/codebase/Trash/investment-plateform/apps/server/src/auth/auth.controller.ts": {"path":"/Volumes/PortableSSD/codebase/Trash/investment-plateform/apps/server/src/auth/auth.controller.ts","statementMap":{"0":{"start":{"line":1,"column":0},"end":{"line":1,"column":85}},"1":{"start":{"line":2,"column":0},"end":{"line":2,"column":45}},"2":{"start":{"line":3,"column":0},"end":{"line":3,"column":52}},"3":{"start":{"line":6,"column":7},"end":{"line":15,"column":null}},"4":{"start":{"line":7,"column":31},"end":{"line":7,"column":44}},"5":{"start":{"line":13,"column":4},"end":{"line":13,"column":44}},"6":{"start":{"line":6,"column":13},"end":{"line":6,"column":27}},"7":{"start":{"line":12,"column":8},"end":{"line":14,"column":null}},"8":{"start":{"line":6,"column":13},"end":{"line":15,"column":null}}},"fnMap":{"0":{"name":"(anonymous_4)","decl":{"start":{"line":7,"column":2},"end":{"line":7,"column":31}},"loc":{"start":{"line":7,"column":55},"end":{"line":7,"column":59}}},"1":{"name":"(anonymous_5)","decl":{"start":{"line":12,"column":2},"end":{"line":12,"column":7}},"loc":{"start":{"line":12,"column":28},"end":{"line":14,"column":3}}}},"branchMap":{},"s":{"0":1,"1":1,"2":1,"3":1,"4":2,"5":2,"6":1,"7":1,"8":1},"f":{"0":2,"1":2},"b":{}}
,"/Volumes/PortableSSD/codebase/Trash/investment-plateform/apps/server/src/auth/auth.module.ts": {"path":"/Volumes/PortableSSD/codebase/Trash/investment-plateform/apps/server/src/auth/auth.module.ts","statementMap":{"0":{"start":{"line":1,"column":0},"end":{"line":1,"column":40}},"1":{"start":{"line":2,"column":0},"end":{"line":2,"column":45}},"2":{"start":{"line":3,"column":0},"end":{"line":3,"column":51}},"3":{"start":{"line":4,"column":0},"end":{"line":4,"column":40}},"4":{"start":{"line":5,"column":0},"end":{"line":5,"column":50}},"5":{"start":{"line":6,"column":0},"end":{"line":6,"column":45}},"6":{"start":{"line":7,"column":0},"end":{"line":7,"column":49}},"7":{"start":{"line":8,"column":0},"end":{"line":8,"column":52}},"8":{"start":{"line":9,"column":0},"end":{"line":9,"column":46}},"9":{"start":{"line":10,"column":0},"end":{"line":10,"column":33}},"10":{"start":{"line":11,"column":0},"end":{"line":11,"column":null}},"11":{"start":{"line":26,"column":7},"end":{"line":26,"column":null}},"12":{"start":{"line":26,"column":13},"end":{"line":26,"column":23}},"13":{"start":{"line":26,"column":13},"end":{"line":26,"column":null}}},"fnMap":{},"branchMap":{},"s":{"0":0,"1":0,"2":0,"3":0,"4":0,"5":0,"6":0,"7":0,"8":0,"9":0,"10":0,"11":0,"12":0,"13":0},"f":{},"b":{}}
,"/Volumes/PortableSSD/codebase/Trash/investment-plateform/apps/server/src/auth/auth.service.ts": {"path":"/Volumes/PortableSSD/codebase/Trash/investment-plateform/apps/server/src/auth/auth.service.ts","statementMap":{"0":{"start":{"line":1,"column":0},"end":{"line":1,"column":67}},"1":{"start":{"line":2,"column":0},"end":{"line":2,"column":54}},"2":{"start":{"line":3,"column":0},"end":{"line":3,"column":41}},"3":{"start":{"line":4,"column":0},"end":{"line":4,"column":35}},"4":{"start":{"line":9,"column":7},"end":{"line":34,"column":null}},"5":{"start":{"line":11,"column":21},"end":{"line":11,"column":35}},"6":{"start":{"line":12,"column":21},"end":{"line":12,"column":33}},"7":{"start":{"line":16,"column":17},"end":{"line":16,"column":59}},"8":{"start":{"line":17,"column":4},"end":{"line":19,"column":5}},"9":{"start":{"line":18,"column":6},"end":{"line":18,"column":18}},"10":{"start":{"line":20,"column":4},"end":{"line":20,"column":16}},"11":{"start":{"line":25,"column":4},"end":{"line":27,"column":5}},"12":{"start":{"line":26,"column":6},"end":{"line":26,"column":61}},"13":{"start":{"line":28,"column":32},"end":{"line":28,"column":71}},"14":{"start":{"line":29,"column":4},"end":{"line":31,"column":6}},"15":{"start":{"line":9,"column":13},"end":{"line":9,"column":24}},"16":{"start":{"line":9,"column":13},"end":{"line":34,"column":null}}},"fnMap":{"0":{"name":"(anonymous_11)","decl":{"start":{"line":10,"column":2},"end":{"line":10,"column":null}},"loc":{"start":{"line":12,"column":43},"end":{"line":13,"column":6}}},"1":{"name":"(anonymous_12)","decl":{"start":{"line":15,"column":2},"end":{"line":15,"column":7}},"loc":{"start":{"line":15,"column":48},"end":{"line":21,"column":3}}},"2":{"name":"(anonymous_13)","decl":{"start":{"line":23,"column":2},"end":{"line":23,"column":7}},"loc":{"start":{"line":23,"column":24},"end":{"line":32,"column":3}}}},"branchMap":{"0":{"loc":{"start":{"line":17,"column":4},"end":{"line":19,"column":5}},"type":"if","locations":[{"start":{"line":17,"column":4},"end":{"line":19,"column":5}}]},"1":{"loc":{"start":{"line":17,"column":8},"end":{"line":17,"column":57}},"type":"binary-expr","locations":[{"start":{"line":17,"column":8},"end":{"line":17,"column":12}},{"start":{"line":17,"column":16},"end":{"line":17,"column":57}}]},"2":{"loc":{"start":{"line":25,"column":4},"end":{"line":27,"column":5}},"type":"if","locations":[{"start":{"line":25,"column":4},"end":{"line":27,"column":5}}]}},"s":{"0":1,"1":1,"2":1,"3":1,"4":1,"5":0,"6":0,"7":0,"8":0,"9":0,"10":0,"11":0,"12":0,"13":0,"14":0,"15":1,"16":1},"f":{"0":0,"1":0,"2":0},"b":{"0":[0],"1":[0,0],"2":[0]}}
,"/Volumes/PortableSSD/codebase/Trash/investment-plateform/apps/server/src/auth/jwt-auth.guard.ts": {"path":"/Volumes/PortableSSD/codebase/Trash/investment-plateform/apps/server/src/auth/jwt-auth.guard.ts","statementMap":{"0":{"start":{"line":1,"column":0},"end":{"line":1,"column":44}},"1":{"start":{"line":2,"column":0},"end":{"line":2,"column":45}},"2":{"start":{"line":5,"column":7},"end":{"line":5,"column":null}},"3":{"start":{"line":5,"column":13},"end":{"line":5,"column":25}},"4":{"start":{"line":5,"column":13},"end":{"line":5,"column":null}}},"fnMap":{},"branchMap":{},"s":{"0":0,"1":0,"2":0,"3":0,"4":0},"f":{},"b":{}}
,"/Volumes/PortableSSD/codebase/Trash/investment-plateform/apps/server/src/auth/jwt.strategy.ts": {"path":"/Volumes/PortableSSD/codebase/Trash/investment-plateform/apps/server/src/auth/jwt.strategy.ts","statementMap":{"0":{"start":{"line":1,"column":0},"end":{"line":1,"column":44}},"1":{"start":{"line":2,"column":0},"end":{"line":2,"column":52}},"2":{"start":{"line":3,"column":0},"end":{"line":3,"column":52}},"3":{"start":{"line":4,"column":0},"end":{"line":4,"column":54}},"4":{"start":{"line":8,"column":7},"end":{"line":19,"column":null}},"5":{"start":{"line":10,"column":4},"end":{"line":13,"column":7}},"6":{"start":{"line":9,"column":31},"end":{"line":9,"column":45}},"7":{"start":{"line":17,"column":4},"end":{"line":17,"column":53}},"8":{"start":{"line":8,"column":13},"end":{"line":8,"column":24}},"9":{"start":{"line":8,"column":13},"end":{"line":19,"column":null}}},"fnMap":{"0":{"name":"(anonymous_2)","decl":{"start":{"line":9,"column":2},"end":{"line":9,"column":31}},"loc":{"start":{"line":9,"column":57},"end":{"line":14,"column":3}}},"1":{"name":"(anonymous_3)","decl":{"start":{"line":16,"column":2},"end":{"line":16,"column":7}},"loc":{"start":{"line":16,"column":36},"end":{"line":18,"column":3}}}},"branchMap":{},"s":{"0":0,"1":0,"2":0,"3":0,"4":0,"5":0,"6":0,"7":0,"8":0,"9":0},"f":{"0":0,"1":0},"b":{}}
,"/Volumes/PortableSSD/codebase/Trash/investment-plateform/apps/server/src/auth/local-auth.guard.ts": {"path":"/Volumes/PortableSSD/codebase/Trash/investment-plateform/apps/server/src/auth/local-auth.guard.ts","statementMap":{"0":{"start":{"line":1,"column":0},"end":{"line":1,"column":44}},"1":{"start":{"line":2,"column":0},"end":{"line":2,"column":45}},"2":{"start":{"line":5,"column":7},"end":{"line":5,"column":null}},"3":{"start":{"line":5,"column":13},"end":{"line":5,"column":27}},"4":{"start":{"line":5,"column":13},"end":{"line":5,"column":null}}},"fnMap":{},"branchMap":{},"s":{"0":1,"1":1,"2":1,"3":1,"4":1},"f":{},"b":{}}
,"/Volumes/PortableSSD/codebase/Trash/investment-plateform/apps/server/src/auth/local.strategy.ts": {"path":"/Volumes/PortableSSD/codebase/Trash/investment-plateform/apps/server/src/auth/local.strategy.ts","statementMap":{"0":{"start":{"line":1,"column":0},"end":{"line":1,"column":44}},"1":{"start":{"line":2,"column":0},"end":{"line":2,"column":52}},"2":{"start":{"line":3,"column":0},"end":{"line":3,"column":42}},"3":{"start":{"line":4,"column":0},"end":{"line":4,"column":45}},"4":{"start":{"line":6,"column":0},"end":{"line":6,"column":55}},"5":{"start":{"line":9,"column":7},"end":{"line":23,"column":null}},"6":{"start":{"line":12,"column":4},"end":{"line":12,"column":38}},"7":{"start":{"line":10,"column":22},"end":{"line":10,"column":35}},"8":{"start":{"line":17,"column":17},"end":{"line":17,"column":69}},"9":{"start":{"line":18,"column":4},"end":{"line":20,"column":5}},"10":{"start":{"line":19,"column":6},"end":{"line":19,"column":61}},"11":{"start":{"line":21,"column":4},"end":{"line":21,"column":16}},"12":{"start":{"line":9,"column":13},"end":{"line":9,"column":26}},"13":{"start":{"line":9,"column":13},"end":{"line":23,"column":null}}},"fnMap":{"0":{"name":"(anonymous_2)","decl":{"start":{"line":10,"column":2},"end":{"line":10,"column":22}},"loc":{"start":{"line":10,"column":46},"end":{"line":13,"column":3}}},"1":{"name":"(anonymous_3)","decl":{"start":{"line":15,"column":2},"end":{"line":15,"column":7}},"loc":{"start":{"line":15,"column":48},"end":{"line":22,"column":3}}}},"branchMap":{"0":{"loc":{"start":{"line":18,"column":4},"end":{"line":20,"column":5}},"type":"if","locations":[{"start":{"line":18,"column":4},"end":{"line":20,"column":5}}]}},"s":{"0":0,"1":0,"2":0,"3":0,"4":0,"5":0,"6":0,"7":0,"8":0,"9":0,"10":0,"11":0,"12":0,"13":0},"f":{"0":0,"1":0},"b":{"0":[0]}}
,"/Volumes/PortableSSD/codebase/Trash/investment-plateform/apps/server/src/common/constant.ts": {"path":"/Volumes/PortableSSD/codebase/Trash/investment-plateform/apps/server/src/common/constant.ts","statementMap":{"0":{"start":{"line":1,"column":33},"end":{"line":7,"column":1}},"1":{"start":{"line":2,"column":2},"end":{"line":6,"column":4}},"2":{"start":{"line":1,"column":13},"end":{"line":1,"column":33}}},"fnMap":{"0":{"name":"(anonymous_0)","decl":{"start":{"line":1,"column":33},"end":{"line":1,"column":34}},"loc":{"start":{"line":1,"column":50},"end":{"line":7,"column":1}}}},"branchMap":{},"s":{"0":0,"1":0,"2":0},"f":{"0":0},"b":{}}
,"/Volumes/PortableSSD/codebase/Trash/investment-plateform/apps/server/src/common/filters/custom-http-exception.filter.ts": {"path":"/Volumes/PortableSSD/codebase/Trash/investment-plateform/apps/server/src/common/filters/custom-http-exception.filter.ts","statementMap":{"0":{"start":{"line":1,"column":0},"end":{"line":1,"column":null}},"1":{"start":{"line":11,"column":7},"end":{"line":33,"column":null}},"2":{"start":{"line":13,"column":16},"end":{"line":13,"column":35}},"3":{"start":{"line":14,"column":21},"end":{"line":14,"column":48}},"4":{"start":{"line":16,"column":19},"end":{"line":18,"column":40}},"5":{"start":{"line":20,"column":30},"end":{"line":20,"column":53}},"6":{"start":{"line":22,"column":6},"end":{"line":24,"column":63}},"7":{"start":{"line":26,"column":4},"end":{"line":31,"column":7}},"8":{"start":{"line":11,"column":13},"end":{"line":11,"column":32}},"9":{"start":{"line":11,"column":13},"end":{"line":33,"column":null}}},"fnMap":{"0":{"name":"(anonymous_1)","decl":{"start":{"line":12,"column":2},"end":{"line":12,"column":7}},"loc":{"start":{"line":12,"column":53},"end":{"line":32,"column":3}}}},"branchMap":{"0":{"loc":{"start":{"line":16,"column":19},"end":{"line":18,"column":40}},"type":"cond-expr","locations":[{"start":{"line":17,"column":8},"end":{"line":17,"column":29}},{"start":{"line":18,"column":8},"end":{"line":18,"column":40}}]},"1":{"loc":{"start":{"line":22,"column":6},"end":{"line":24,"column":63}},"type":"cond-expr","locations":[{"start":{"line":23,"column":10},"end":{"line":23,"column":27}},{"start":{"line":24,"column":11},"end":{"line":24,"column":63}}]},"2":{"loc":{"start":{"line":24,"column":11},"end":{"line":24,"column":63}},"type":"binary-expr","locations":[{"start":{"line":24,"column":11},"end":{"line":24,"column":44}},{"start":{"line":24,"column":48},"end":{"line":24,"column":63}}]}},"s":{"0":0,"1":0,"2":0,"3":0,"4":0,"5":0,"6":0,"7":0,"8":0,"9":0},"f":{"0":0},"b":{"0":[0,0],"1":[0,0],"2":[0,0]}}
,"/Volumes/PortableSSD/codebase/Trash/investment-plateform/apps/server/src/common/middlewares/globalException.middleware.ts": {"path":"/Volumes/PortableSSD/codebase/Trash/investment-plateform/apps/server/src/common/middlewares/globalException.middleware.ts","statementMap":{"0":{"start":{"line":1,"column":0},"end":{"line":1,"column":null}},"1":{"start":{"line":11,"column":7},"end":{"line":36,"column":null}},"2":{"start":{"line":13,"column":16},"end":{"line":13,"column":35}},"3":{"start":{"line":14,"column":21},"end":{"line":14,"column":48}},"4":{"start":{"line":15,"column":4},"end":{"line":15,"column":27}},"5":{"start":{"line":17,"column":6},"end":{"line":19,"column":42}},"6":{"start":{"line":22,"column":6},"end":{"line":24,"column":68}},"7":{"start":{"line":27,"column":4},"end":{"line":34,"column":7}},"8":{"start":{"line":11,"column":13},"end":{"line":11,"column":38}},"9":{"start":{"line":11,"column":13},"end":{"line":36,"column":null}}},"fnMap":{"0":{"name":"(anonymous_1)","decl":{"start":{"line":12,"column":2},"end":{"line":12,"column":7}},"loc":{"start":{"line":12,"column":49},"end":{"line":35,"column":3}}}},"branchMap":{"0":{"loc":{"start":{"line":17,"column":6},"end":{"line":19,"column":42}},"type":"cond-expr","locations":[{"start":{"line":18,"column":10},"end":{"line":18,"column":31}},{"start":{"line":19,"column":10},"end":{"line":19,"column":42}}]},"1":{"loc":{"start":{"line":22,"column":6},"end":{"line":24,"column":68}},"type":"cond-expr","locations":[{"start":{"line":23,"column":10},"end":{"line":23,"column":33}},{"start":{"line":24,"column":10},"end":{"line":24,"column":68}}]},"2":{"loc":{"start":{"line":24,"column":21},"end":{"line":24,"column":66}},"type":"binary-expr","locations":[{"start":{"line":24,"column":21},"end":{"line":24,"column":39}},{"start":{"line":24,"column":43},"end":{"line":24,"column":66}}]}},"s":{"0":0,"1":0,"2":0,"3":0,"4":0,"5":0,"6":0,"7":0,"8":0,"9":0},"f":{"0":0},"b":{"0":[0,0],"1":[0,0],"2":[0,0]}}
,"/Volumes/PortableSSD/codebase/Trash/investment-plateform/apps/server/src/common/utils/blockchian.utils.ts": {"path":"/Volumes/PortableSSD/codebase/Trash/investment-plateform/apps/server/src/common/utils/blockchian.utils.ts","statementMap":{"0":{"start":{"line":1,"column":0},"end":{"line":1,"column":26}},"1":{"start":{"line":2,"column":0},"end":{"line":2,"column":24}},"2":{"start":{"line":4,"column":0},"end":{"line":4,"column":44}},"3":{"start":{"line":7,"column":7},"end":{"line":91,"column":null}},"4":{"start":{"line":8,"column":10},"end":{"line":8,"column":54}},"5":{"start":{"line":9,"column":10},"end":{"line":9,"column":66}},"6":{"start":{"line":10,"column":10},"end":{"line":10,"column":47}},"7":{"start":{"line":18,"column":33},"end":{"line":18,"column":35}},"8":{"start":{"line":20,"column":4},"end":{"line":24,"column":5}},"9":{"start":{"line":21,"column":28},"end":{"line":21,"column":82}},"10":{"start":{"line":22,"column":6},"end":{"line":22,"column":55}},"11":{"start":{"line":23,"column":6},"end":{"line":23,"column":38}},"12":{"start":{"line":28,"column":4},"end":{"line":28,"column":24}},"13":{"start":{"line":38,"column":16},"end":{"line":38,"column":92}},"14":{"start":{"line":39,"column":20},"end":{"line":41,"column":6}},"15":{"start":{"line":43,"column":4},"end":{"line":66,"column":5}},"16":{"start":{"line":44,"column":23},"end":{"line":44,"column":56}},"17":{"start":{"line":46,"column":35},"end":{"line":59,"column":null}},"18":{"start":{"line":48,"column":26},"end":{"line":48,"column":68}},"19":{"start":{"line":49,"column":27},"end":{"line":49,"column":70}},"20":{"start":{"line":50,"column":27},"end":{"line":50,"column":72}},"21":{"start":{"line":52,"column":10},"end":{"line":58,"column":12}},"22":{"start":{"line":62,"column":6},"end":{"line":62,"column":22}},"23":{"start":{"line":64,"column":6},"end":{"line":64,"column":82}},"24":{"start":{"line":65,"column":6},"end":{"line":65,"column":16}},"25":{"start":{"line":75,"column":16},"end":{"line":75,"column":62}},"26":{"start":{"line":77,"column":4},"end":{"line":89,"column":5}},"27":{"start":{"line":78,"column":23},"end":{"line":84,"column":8}},"28":{"start":{"line":85,"column":6},"end":{"line":85,"column":39}},"29":{"start":{"line":87,"column":6},"end":{"line":87,"column":80}},"30":{"start":{"line":88,"column":6},"end":{"line":88,"column":18}},"31":{"start":{"line":7,"column":13},"end":{"line":7,"column":28}},"32":{"start":{"line":7,"column":13},"end":{"line":91,"column":null}}},"fnMap":{"0":{"name":"(anonymous_2)","decl":{"start":{"line":7,"column":7},"end":{"line":7,"column":13}},"loc":{"start":{"line":7,"column":7},"end":{"line":91,"column":1}}},"1":{"name":"(anonymous_3)","decl":{"start":{"line":17,"column":2},"end":{"line":17,"column":7}},"loc":{"start":{"line":17,"column":55},"end":{"line":29,"column":3}}},"2":{"name":"(anonymous_4)","decl":{"start":{"line":37,"column":10},"end":{"line":37,"column":15}},"loc":{"start":{"line":37,"column":74},"end":{"line":67,"column":3}}},"3":{"name":"(anonymous_5)","decl":{"start":{"line":47,"column":26},"end":{"line":47,"column":31}},"loc":{"start":{"line":47,"column":47},"end":{"line":59,"column":9}}},"4":{"name":"(anonymous_6)","decl":{"start":{"line":74,"column":10},"end":{"line":74,"column":15}},"loc":{"start":{"line":74,"column":49},"end":{"line":90,"column":3}}}},"branchMap":{"0":{"loc":{"start":{"line":50,"column":27},"end":{"line":50,"column":72}},"type":"cond-expr","locations":[{"start":{"line":50,"column":38},"end":{"line":50,"column":68}},{"start":{"line":50,"column":71},"end":{"line":50,"column":72}}]},"1":{"loc":{"start":{"line":85,"column":13},"end":{"line":85,"column":38}},"type":"binary-expr","locations":[{"start":{"line":85,"column":13},"end":{"line":85,"column":30}},{"start":{"line":85,"column":34},"end":{"line":85,"column":38}}]}},"s":{"0":0,"1":0,"2":0,"3":0,"4":0,"5":0,"6":0,"7":0,"8":0,"9":0,"10":0,"11":0,"12":0,"13":0,"14":0,"15":0,"16":0,"17":0,"18":0,"19":0,"20":0,"21":0,"22":0,"23":0,"24":0,"25":0,"26":0,"27":0,"28":0,"29":0,"30":0,"31":0,"32":0},"f":{"0":0,"1":0,"2":0,"3":0,"4":0},"b":{"0":[0,0],"1":[0,0]}}
,"/Volumes/PortableSSD/codebase/Trash/investment-plateform/apps/server/src/common/utils/utils.module.ts": {"path":"/Volumes/PortableSSD/codebase/Trash/investment-plateform/apps/server/src/common/utils/utils.module.ts","statementMap":{"0":{"start":{"line":1,"column":0},"end":{"line":1,"column":40}},"1":{"start":{"line":7,"column":7},"end":{"line":7,"column":null}},"2":{"start":{"line":7,"column":13},"end":{"line":7,"column":24}},"3":{"start":{"line":7,"column":13},"end":{"line":7,"column":null}}},"fnMap":{},"branchMap":{},"s":{"0":0,"1":0,"2":0,"3":0},"f":{},"b":{}}
,"/Volumes/PortableSSD/codebase/Trash/investment-plateform/apps/server/src/portfolio/portfolio.controller.ts": {"path":"/Volumes/PortableSSD/codebase/Trash/investment-plateform/apps/server/src/portfolio/portfolio.controller.ts","statementMap":{"0":{"start":{"line":1,"column":0},"end":{"line":1,"column":81}},"1":{"start":{"line":2,"column":0},"end":{"line":2,"column":54}},"2":{"start":{"line":3,"column":0},"end":{"line":3,"column":55}},"3":{"start":{"line":7,"column":7},"end":{"line":33,"column":null}},"4":{"start":{"line":8,"column":31},"end":{"line":8,"column":49}},"5":{"start":{"line":17,"column":19},"end":{"line":17,"column":30}},"6":{"start":{"line":18,"column":4},"end":{"line":18,"column":38}},"7":{"start":{"line":19,"column":4},"end":{"line":19,"column":59}},"8":{"start":{"line":30,"column":19},"end":{"line":30,"column":30}},"9":{"start":{"line":31,"column":4},"end":{"line":31,"column":80}},"10":{"start":{"line":7,"column":13},"end":{"line":7,"column":32}},"11":{"start":{"line":16,"column":8},"end":{"line":20,"column":null}},"12":{"start":{"line":29,"column":8},"end":{"line":32,"column":null}},"13":{"start":{"line":7,"column":13},"end":{"line":33,"column":null}}},"fnMap":{"0":{"name":"(anonymous_4)","decl":{"start":{"line":8,"column":2},"end":{"line":8,"column":31}},"loc":{"start":{"line":8,"column":65},"end":{"line":8,"column":69}}},"1":{"name":"(anonymous_5)","decl":{"start":{"line":16,"column":2},"end":{"line":16,"column":7}},"loc":{"start":{"line":16,"column":40},"end":{"line":20,"column":3}}},"2":{"name":"(anonymous_6)","decl":{"start":{"line":29,"column":2},"end":{"line":29,"column":7}},"loc":{"start":{"line":29,"column":92},"end":{"line":32,"column":3}}}},"branchMap":{},"s":{"0":0,"1":0,"2":0,"3":0,"4":0,"5":0,"6":0,"7":0,"8":0,"9":0,"10":0,"11":0,"12":0,"13":0},"f":{"0":0,"1":0,"2":0},"b":{}}
,"/Volumes/PortableSSD/codebase/Trash/investment-plateform/apps/server/src/portfolio/portfolio.module.ts": {"path":"/Volumes/PortableSSD/codebase/Trash/investment-plateform/apps/server/src/portfolio/portfolio.module.ts","statementMap":{"0":{"start":{"line":1,"column":0},"end":{"line":1,"column":40}},"1":{"start":{"line":2,"column":0},"end":{"line":2,"column":50}},"2":{"start":{"line":3,"column":0},"end":{"line":3,"column":61}},"3":{"start":{"line":4,"column":0},"end":{"line":4,"column":55}},"4":{"start":{"line":5,"column":0},"end":{"line":5,"column":70}},"5":{"start":{"line":6,"column":0},"end":{"line":6,"column":67}},"6":{"start":{"line":13,"column":7},"end":{"line":13,"column":null}},"7":{"start":{"line":13,"column":13},"end":{"line":13,"column":28}},"8":{"start":{"line":13,"column":13},"end":{"line":13,"column":null}}},"fnMap":{},"branchMap":{},"s":{"0":0,"1":0,"2":0,"3":0,"4":0,"5":0,"6":0,"7":0,"8":0},"f":{},"b":{}}
,"/Volumes/PortableSSD/codebase/Trash/investment-plateform/apps/server/src/portfolio/portfolio.service.ts": {"path":"/Volumes/PortableSSD/codebase/Trash/investment-plateform/apps/server/src/portfolio/portfolio.service.ts","statementMap":{"0":{"start":{"line":1,"column":0},"end":{"line":1,"column":71}},"1":{"start":{"line":2,"column":0},"end":{"line":2,"column":47}},"2":{"start":{"line":3,"column":0},"end":{"line":3,"column":33}},"3":{"start":{"line":4,"column":0},"end":{"line":4,"column":72}},"4":{"start":{"line":5,"column":0},"end":{"line":5,"column":67}},"5":{"start":{"line":8,"column":7},"end":{"line":61,"column":null}},"6":{"start":{"line":10,"column":21},"end":{"line":10,"column":38}},"7":{"start":{"line":11,"column":50},"end":{"line":11,"column":66}},"8":{"start":{"line":20,"column":22},"end":{"line":20,"column":74}},"9":{"start":{"line":21,"column":4},"end":{"line":23,"column":5}},"10":{"start":{"line":22,"column":6},"end":{"line":22,"column":75}},"11":{"start":{"line":24,"column":4},"end":{"line":24,"column":21}},"12":{"start":{"line":34,"column":4},"end":{"line":36,"column":5}},"13":{"start":{"line":35,"column":6},"end":{"line":35,"column":84}},"14":{"start":{"line":38,"column":4},"end":{"line":59,"column":5}},"15":{"start":{"line":39,"column":27},"end":{"line":39,"column":94}},"16":{"start":{"line":42,"column":32},"end":{"line":42,"column":84}},"17":{"start":{"line":44,"column":6},"end":{"line":55,"column":7}},"18":{"start":{"line":45,"column":8},"end":{"line":45,"column":56}},"19":{"start":{"line":46,"column":8},"end":{"line":46,"column":46}},"20":{"start":{"line":47,"column":8},"end":{"line":47,"column":46}},"21":{"start":{"line":49,"column":29},"end":{"line":53,"column":10}},"22":{"start":{"line":54,"column":8},"end":{"line":54,"column":41}},"23":{"start":{"line":57,"column":6},"end":{"line":57,"column":72}},"24":{"start":{"line":58,"column":6},"end":{"line":58,"column":92}},"25":{"start":{"line":8,"column":13},"end":{"line":8,"column":29}},"26":{"start":{"line":8,"column":13},"end":{"line":61,"column":null}}},"fnMap":{"0":{"name":"(anonymous_4)","decl":{"start":{"line":9,"column":2},"end":{"line":9,"column":null}},"loc":{"start":{"line":11,"column":90},"end":{"line":12,"column":6}}},"1":{"name":"(anonymous_5)","decl":{"start":{"line":19,"column":2},"end":{"line":19,"column":7}},"loc":{"start":{"line":19,"column":40},"end":{"line":25,"column":3}}},"2":{"name":"(anonymous_6)","decl":{"start":{"line":33,"column":2},"end":{"line":33,"column":7}},"loc":{"start":{"line":33,"column":69},"end":{"line":60,"column":3}}}},"branchMap":{"0":{"loc":{"start":{"line":21,"column":4},"end":{"line":23,"column":5}},"type":"if","locations":[{"start":{"line":21,"column":4},"end":{"line":23,"column":5}}]},"1":{"loc":{"start":{"line":34,"column":4},"end":{"line":36,"column":5}},"type":"if","locations":[{"start":{"line":34,"column":4},"end":{"line":36,"column":5}}]},"2":{"loc":{"start":{"line":44,"column":6},"end":{"line":55,"column":7}},"type":"if","locations":[{"start":{"line":44,"column":6},"end":{"line":55,"column":7}},{"start":{"line":48,"column":13},"end":{"line":55,"column":7}}]}},"s":{"0":0,"1":0,"2":0,"3":0,"4":0,"5":0,"6":0,"7":0,"8":0,"9":0,"10":0,"11":0,"12":0,"13":0,"14":0,"15":0,"16":0,"17":0,"18":0,"19":0,"20":0,"21":0,"22":0,"23":0,"24":0,"25":0,"26":0},"f":{"0":0,"1":0,"2":0},"b":{"0":[0],"1":[0],"2":[0,0]}}
,"/Volumes/PortableSSD/codebase/Trash/investment-plateform/apps/server/src/portfolio/dto/wallet-holdings.dto.ts": {"path":"/Volumes/PortableSSD/codebase/Trash/investment-plateform/apps/server/src/portfolio/dto/wallet-holdings.dto.ts","statementMap":{"0":{"start":{"line":1,"column":0},"end":{"line":1,"column":13}}},"fnMap":{},"branchMap":{},"s":{"0":0},"f":{},"b":{}}
,"/Volumes/PortableSSD/codebase/Trash/investment-plateform/apps/server/src/portfolio/models/portfolio.model.ts": {"path":"/Volumes/PortableSSD/codebase/Trash/investment-plateform/apps/server/src/portfolio/models/portfolio.model.ts","statementMap":{"0":{"start":{"line":1,"column":0},"end":{"line":1,"column":63}},"1":{"start":{"line":2,"column":0},"end":{"line":2,"column":43}},"2":{"start":{"line":15,"column":7},"end":{"line":24,"column":null}},"3":{"start":{"line":15,"column":13},"end":{"line":15,"column":22}},"4":{"start":{"line":17,"column":2},"end":{"line":17,"column":null}},"5":{"start":{"line":20,"column":2},"end":{"line":20,"column":null}},"6":{"start":{"line":23,"column":2},"end":{"line":23,"column":null}},"7":{"start":{"line":15,"column":13},"end":{"line":24,"column":null}},"8":{"start":{"line":26,"column":13},"end":{"line":26,"column":71}}},"fnMap":{},"branchMap":{},"s":{"0":0,"1":0,"2":0,"3":0,"4":0,"5":0,"6":0,"7":0,"8":0},"f":{},"b":{}}
,"/Volumes/PortableSSD/codebase/Trash/investment-plateform/apps/server/src/users/users.controller.ts": {"path":"/Volumes/PortableSSD/codebase/Trash/investment-plateform/apps/server/src/users/users.controller.ts","statementMap":{"0":{"start":{"line":1,"column":0},"end":{"line":1,"column":88}},"1":{"start":{"line":2,"column":0},"end":{"line":2,"column":47}},"2":{"start":{"line":3,"column":0},"end":{"line":3,"column":48}},"3":{"start":{"line":4,"column":0},"end":{"line":4,"column":54}},"4":{"start":{"line":7,"column":7},"end":{"line":24,"column":null}},"5":{"start":{"line":8,"column":31},"end":{"line":8,"column":45}},"6":{"start":{"line":14,"column":4},"end":{"line":14,"column":57}},"7":{"start":{"line":22,"column":4},"end":{"line":22,"column":47}},"8":{"start":{"line":7,"column":13},"end":{"line":7,"column":28}},"9":{"start":{"line":13,"column":8},"end":{"line":15,"column":null}},"10":{"start":{"line":21,"column":8},"end":{"line":23,"column":null}},"11":{"start":{"line":7,"column":13},"end":{"line":24,"column":null}}},"fnMap":{"0":{"name":"(anonymous_4)","decl":{"start":{"line":8,"column":2},"end":{"line":8,"column":31}},"loc":{"start":{"line":8,"column":57},"end":{"line":8,"column":61}}},"1":{"name":"(anonymous_5)","decl":{"start":{"line":13,"column":2},"end":{"line":13,"column":7}},"loc":{"start":{"line":13,"column":51},"end":{"line":15,"column":3}}},"2":{"name":"(anonymous_6)","decl":{"start":{"line":21,"column":2},"end":{"line":21,"column":7}},"loc":{"start":{"line":21,"column":39},"end":{"line":23,"column":3}}}},"branchMap":{},"s":{"0":0,"1":0,"2":0,"3":0,"4":0,"5":0,"6":0,"7":0,"8":0,"9":0,"10":0,"11":0},"f":{"0":0,"1":0,"2":0},"b":{}}
,"/Volumes/PortableSSD/codebase/Trash/investment-plateform/apps/server/src/users/users.module.ts": {"path":"/Volumes/PortableSSD/codebase/Trash/investment-plateform/apps/server/src/users/users.module.ts","statementMap":{"0":{"start":{"line":1,"column":0},"end":{"line":1,"column":40}},"1":{"start":{"line":2,"column":0},"end":{"line":2,"column":47}},"2":{"start":{"line":3,"column":0},"end":{"line":3,"column":53}},"3":{"start":{"line":4,"column":0},"end":{"line":4,"column":50}},"4":{"start":{"line":5,"column":0},"end":{"line":5,"column":56}},"5":{"start":{"line":15,"column":7},"end":{"line":15,"column":null}},"6":{"start":{"line":15,"column":13},"end":{"line":15,"column":24}},"7":{"start":{"line":15,"column":13},"end":{"line":15,"column":null}}},"fnMap":{},"branchMap":{},"s":{"0":0,"1":0,"2":0,"3":0,"4":0,"5":0,"6":0,"7":0},"f":{},"b":{}}
,"/Volumes/PortableSSD/codebase/Trash/investment-plateform/apps/server/src/users/users.service.ts": {"path":"/Volumes/PortableSSD/codebase/Trash/investment-plateform/apps/server/src/users/users.service.ts","statementMap":{"0":{"start":{"line":1,"column":0},"end":{"line":1,"column":86}},"1":{"start":{"line":2,"column":0},"end":{"line":2,"column":47}},"2":{"start":{"line":3,"column":0},"end":{"line":3,"column":33}},"3":{"start":{"line":4,"column":0},"end":{"line":4,"column":35}},"4":{"start":{"line":6,"column":0},"end":{"line":6,"column":58}},"5":{"start":{"line":9,"column":7},"end":{"line":57,"column":null}},"6":{"start":{"line":11,"column":45},"end":{"line":11,"column":56}},"7":{"start":{"line":16,"column":32},"end":{"line":16,"column":45}},"8":{"start":{"line":19,"column":23},"end":{"line":19,"column":62}},"9":{"start":{"line":20,"column":4},"end":{"line":22,"column":5}},"10":{"start":{"line":21,"column":6},"end":{"line":21,"column":77}},"11":{"start":{"line":25,"column":27},"end":{"line":25,"column":58}},"12":{"start":{"line":27,"column":24},"end":{"line":30,"column":6}},"13":{"start":{"line":32,"column":4},"end":{"line":32,"column":36}},"14":{"start":{"line":37,"column":17},"end":{"line":37,"column":50}},"15":{"start":{"line":38,"column":4},"end":{"line":40,"column":5}},"16":{"start":{"line":39,"column":6},"end":{"line":39,"column":52}},"17":{"start":{"line":41,"column":4},"end":{"line":41,"column":16}},"18":{"start":{"line":46,"column":17},"end":{"line":46,"column":89}},"19":{"start":{"line":47,"column":4},"end":{"line":49,"column":5}},"20":{"start":{"line":48,"column":6},"end":{"line":48,"column":52}},"21":{"start":{"line":50,"column":4},"end":{"line":50,"column":16}},"22":{"start":{"line":55,"column":4},"end":{"line":55,"column":51}},"23":{"start":{"line":9,"column":13},"end":{"line":9,"column":25}},"24":{"start":{"line":9,"column":13},"end":{"line":57,"column":null}}},"fnMap":{"0":{"name":"(anonymous_13)","decl":{"start":{"line":10,"column":2},"end":{"line":10,"column":null}},"loc":{"start":{"line":11,"column":75},"end":{"line":12,"column":6}}},"1":{"name":"(anonymous_14)","decl":{"start":{"line":15,"column":2},"end":{"line":15,"column":7}},"loc":{"start":{"line":15,"column":43},"end":{"line":33,"column":3}}},"2":{"name":"(anonymous_15)","decl":{"start":{"line":36,"column":2},"end":{"line":36,"column":7}},"loc":{"start":{"line":36,"column":26},"end":{"line":42,"column":3}}},"3":{"name":"(anonymous_16)","decl":{"start":{"line":45,"column":2},"end":{"line":45,"column":7}},"loc":{"start":{"line":45,"column":55},"end":{"line":51,"column":3}}},"4":{"name":"(anonymous_17)","decl":{"start":{"line":54,"column":2},"end":{"line":54,"column":7}},"loc":{"start":{"line":54,"column":33},"end":{"line":56,"column":3}}}},"branchMap":{"0":{"loc":{"start":{"line":20,"column":4},"end":{"line":22,"column":5}},"type":"if","locations":[{"start":{"line":20,"column":4},"end":{"line":22,"column":5}}]},"1":{"loc":{"start":{"line":38,"column":4},"end":{"line":40,"column":5}},"type":"if","locations":[{"start":{"line":38,"column":4},"end":{"line":40,"column":5}}]},"2":{"loc":{"start":{"line":47,"column":4},"end":{"line":49,"column":5}},"type":"if","locations":[{"start":{"line":47,"column":4},"end":{"line":49,"column":5}}]}},"s":{"0":1,"1":1,"2":1,"3":1,"4":1,"5":1,"6":0,"7":0,"8":0,"9":0,"10":0,"11":0,"12":0,"13":0,"14":0,"15":0,"16":0,"17":0,"18":0,"19":0,"20":0,"21":0,"22":0,"23":1,"24":1},"f":{"0":0,"1":0,"2":0,"3":0,"4":0},"b":{"0":[0],"1":[0],"2":[0]}}
,"/Volumes/PortableSSD/codebase/Trash/investment-plateform/apps/server/src/users/dto/users.dto.ts": {"path":"/Volumes/PortableSSD/codebase/Trash/investment-plateform/apps/server/src/users/dto/users.dto.ts","statementMap":{"0":{"start":{"line":1,"column":0},"end":{"line":1,"column":87}},"1":{"start":{"line":3,"column":0},"end":{"line":3,"column":13}},"2":{"start":{"line":6,"column":2},"end":{"line":6,"column":null}},"3":{"start":{"line":11,"column":2},"end":{"line":11,"column":null}},"4":{"start":{"line":15,"column":2},"end":{"line":15,"column":null}},"5":{"start":{"line":19,"column":2},"end":{"line":19,"column":null}},"6":{"start":{"line":22,"column":0},"end":{"line":22,"column":13}},"7":{"start":{"line":26,"column":2},"end":{"line":26,"column":null}},"8":{"start":{"line":31,"column":2},"end":{"line":31,"column":null}},"9":{"start":{"line":36,"column":2},"end":{"line":36,"column":null}}},"fnMap":{},"branchMap":{},"s":{"0":0,"1":0,"2":0,"3":0,"4":0,"5":0,"6":0,"7":0,"8":0,"9":0},"f":{},"b":{}}
,"/Volumes/PortableSSD/codebase/Trash/investment-plateform/apps/server/src/users/models/users.model.ts": {"path":"/Volumes/PortableSSD/codebase/Trash/investment-plateform/apps/server/src/users/models/users.model.ts","statementMap":{"0":{"start":{"line":1,"column":0},"end":{"line":1,"column":63}},"1":{"start":{"line":2,"column":0},"end":{"line":2,"column":36}},"2":{"start":{"line":7,"column":7},"end":{"line":28,"column":null}},"3":{"start":{"line":7,"column":13},"end":{"line":7,"column":17}},"4":{"start":{"line":9,"column":2},"end":{"line":9,"column":null}},"5":{"start":{"line":12,"column":2},"end":{"line":12,"column":null}},"6":{"start":{"line":15,"column":2},"end":{"line":15,"column":null}},"7":{"start":{"line":18,"column":2},"end":{"line":18,"column":null}},"8":{"start":{"line":21,"column":2},"end":{"line":21,"column":null}},"9":{"start":{"line":24,"column":2},"end":{"line":24,"column":null}},"10":{"start":{"line":27,"column":2},"end":{"line":27,"column":null}},"11":{"start":{"line":7,"column":13},"end":{"line":28,"column":null}},"12":{"start":{"line":30,"column":13},"end":{"line":30,"column":61}},"13":{"start":{"line":33,"column":0},"end":{"line":38,"column":3}},"14":{"start":{"line":35,"column":4},"end":{"line":35,"column":24}},"15":{"start":{"line":36,"column":4},"end":{"line":36,"column":15}}},"fnMap":{"0":{"name":"(anonymous_2)","decl":{"start":{"line":34,"column":13},"end":{"line":34,"column":14}},"loc":{"start":{"line":34,"column":24},"end":{"line":37,"column":3}}}},"branchMap":{},"s":{"0":1,"1":1,"2":1,"3":1,"4":1,"5":1,"6":1,"7":1,"8":1,"9":1,"10":1,"11":1,"12":1,"13":1,"14":0,"15":0},"f":{"0":0},"b":{}}
}
